<?xml version="1.0" encoding="utf-8" standalone="no"?>
<!--This file represents the results of running a test suite-->
<test-results name="C:\Sourcecode\mainline\EDDS\kCura.EDDS.Installer.NUnit\bin\x86\kCura.EDDS.Installer.NUnit.dll" total="170" errors="0" failures="0" not-run="0" inconclusive="0" ignored="0" skipped="0" invalid="0" date="2014-01-20" time="13:49:23">
  <environment nunit-version="2.5.10.11092" clr-version="2.0.50727.5472" os-version="Microsoft Windows NT 6.1.7601 Service Pack 1" platform="Win32NT" cwd="C:\Program Files (x86)\NUnit 2.5.10\bin\net-2.0" machine-name="P-DV-DSK-ASLEP" user="aslepikas" user-domain="KCURA" />
  <culture-info current-culture="en-US" current-uiculture="en-US" />
  <test-suite type="Assembly" name="C:\Sourcecode\mainline\EDDS\kCura.EDDS.Installer.NUnit\bin\x86\kCura.EDDS.Installer.NUnit.dll" executed="True" result="Success" success="True" time="1.867" asserts="0">
    <results>
      <test-suite type="TestFixture" name="DistributedTransactionCoordinatorFunctionsFixture" executed="True" result="Success" success="True" time="0.273" asserts="0">
        <results>
          <test-case name="DistributedTransactionCoordinatorFunctionsFixture.EnableDTCService_NothingController_Throws" executed="True" result="Success" success="True" time="0.007" asserts="0" />
          <test-case name="DistributedTransactionCoordinatorFunctionsFixture.EnableDTCService_StoppedIfPaused" executed="True" result="Success" success="True" time="0.256" asserts="0" />
          <test-case name="DistributedTransactionCoordinatorFunctionsFixture.EnableDTCService_StoppedIfRunning" executed="True" result="Success" success="True" time="0.002" asserts="0" />
          <test-case name="DistributedTransactionCoordinatorFunctionsFixture.EnableDTCService_ValidWrapperAndTimeout_StartsService" executed="True" result="Success" success="True" time="0.000" asserts="0" />
        </results>
      </test-suite>
      <test-suite type="TestFixture" name="InterfaceValidatorTests" executed="True" result="Success" success="True" time="0.410" asserts="0">
        <results>
          <test-case name="InterfaceValidatorTests.GetSiteBeingInstalledOnlyConsidersRootVirtualDirectories" executed="True" result="Success" success="True" time="0.266" asserts="1" />
          <test-suite type="ParameterizedTest" name="GetSiteBeingInstalledReturnsNameOfSiteWithMatchingPath" executed="True" result="Success" success="True" time="0.010" asserts="0">
            <results>
              <test-case name="InterfaceValidatorTests.GetSiteBeingInstalledReturnsNameOfSiteWithMatchingPath(&quot;theSiteName&quot;,&quot;\\path\\to\\installation\\&quot;)" executed="True" result="Success" success="True" time="0.002" asserts="2" />
              <test-case name="InterfaceValidatorTests.GetSiteBeingInstalledReturnsNameOfSiteWithMatchingPath(&quot;theSiteName&quot;,&quot;c:\\path with\\a\\space\\and another&quot;)" executed="True" result="Success" success="True" time="0.001" asserts="2" />
              <test-case name="InterfaceValidatorTests.GetSiteBeingInstalledReturnsNameOfSiteWithMatchingPath(&quot;theSiteName&quot;,&quot;\\path\\to\\installation&quot;)" executed="True" result="Success" success="True" time="0.002" asserts="2" />
              <test-case name="InterfaceValidatorTests.GetSiteBeingInstalledReturnsNameOfSiteWithMatchingPath(&quot;theSiteName&quot;,&quot;\\pAtH\\TO\\inSTALation&quot;)" executed="True" result="Success" success="True" time="0.001" asserts="2" />
              <test-case name="InterfaceValidatorTests.GetSiteBeingInstalledReturnsNameOfSiteWithMatchingPath(&quot;theSiteName&quot;,&quot;c:\\path\\to\\installation&quot;)" executed="True" result="Success" success="True" time="0.001" asserts="2" />
            </results>
          </test-suite>
          <test-case name="InterfaceValidatorTests.GetSiteBeingInstalledReturnsStandardSiteNameIfDataSourceIsEmpty" executed="True" result="Success" success="True" time="0.001" asserts="1" />
          <test-case name="InterfaceValidatorTests.GetSiteBeingInstalledReturnsStandardSiteNameIfDataSourceIsNull" executed="True" result="Success" success="True" time="0.000" asserts="1" />
          <test-case name="InterfaceValidatorTests.GetSiteBeingInstalledReturnsStandardSiteNameIfPathToFindIsEmpty" executed="True" result="Success" success="True" time="0.000" asserts="1" />
          <test-case name="InterfaceValidatorTests.GetSiteBeingInstalledReturnsStandardSiteNameIfPathToFindIsFoundMoreThanOnce" executed="True" result="Success" success="True" time="0.006" asserts="1" />
          <test-case name="InterfaceValidatorTests.GetSiteBeingInstalledReturnsStandardSiteNameIfPathToFindIsNotFound" executed="True" result="Success" success="True" time="0.002" asserts="1" />
          <test-case name="InterfaceValidatorTests.GetSiteBeingInstalledReturnsStandardSiteNameIfPathToFindIsNull" executed="True" result="Success" success="True" time="0.000" asserts="1" />
          <test-case name="InterfaceValidatorTests.ValidateServerConfigDialogCorrectServerVersion2008R2" executed="True" result="Success" success="True" time="0.109" asserts="1" />
          <test-case name="InterfaceValidatorTests.ValidateServerConfigDialogCorrectServerVersion2012" executed="True" result="Success" success="True" time="0.000" asserts="1" />
          <test-case name="InterfaceValidatorTests.ValidateServerConfigDialogThrowsException" executed="True" result="Success" success="True" time="0.000" asserts="1" />
          <test-case name="InterfaceValidatorTests.ValidateServerConfigDialogWrongServerDataTableWithOneRowReturnValid" executed="True" result="Success" success="True" time="0.010" asserts="1" />
          <test-case name="InterfaceValidatorTests.ValidateServerConfigDialogWrongServerEmptyDataTableReturnSQLConnectionFailed" executed="True" result="Success" success="True" time="0.000" asserts="1" />
          <test-case name="InterfaceValidatorTests.ValidateServerConfigDialogWrongServerThrowExceptionReturnSQLConnectionFailed" executed="True" result="Success" success="True" time="0.000" asserts="1" />
          <test-case name="InterfaceValidatorTests.ValidateServerConfigDialogWrongServerVersion2005" executed="True" result="Success" success="True" time="0.000" asserts="1" />
          <test-case name="InterfaceValidatorTests.ValidateServerConfigDialogWrongServerVersion2008" executed="True" result="Success" success="True" time="0.000" asserts="1" />
        </results>
      </test-suite>
      <test-suite type="Namespace" name="kCura" executed="True" result="Success" success="True" time="1.178" asserts="0">
        <results>
          <test-suite type="Namespace" name="EDDS" executed="True" result="Success" success="True" time="1.178" asserts="0">
            <results>
              <test-suite type="Namespace" name="Installer" executed="True" result="Success" success="True" time="1.177" asserts="0">
                <results>
                  <test-suite type="Namespace" name="NUnit" executed="True" result="Success" success="True" time="0.546" asserts="0">
                    <results>
                      <test-suite type="TestFixture" name="Agents6to7" executed="True" result="Success" success="True" time="0.191" asserts="0">
                        <results>
                          <test-case name="kCura.EDDS.Installer.NUnit.Agents6to7.AddStartupTagToAgentConfigFile_configfilexmlwithnostartuptag_configfilexmlwithstartuptag" executed="True" result="Success" success="True" time="0.053" asserts="1" />
                          <test-case name="kCura.EDDS.Installer.NUnit.Agents6to7.ValidateMalformedXMLHandled" executed="True" result="Success" success="True" time="0.104" asserts="1" />
                          <test-case name="kCura.EDDS.Installer.NUnit.Agents6to7.ValidateStoredProcedureGetsCalledOnFreshInstall_Success" executed="True" result="Success" success="True" time="0.012" asserts="1" />
                          <test-case name="kCura.EDDS.Installer.NUnit.Agents6to7.ValidateXMLParsingTakesPlaceOnUpgradeAndStoredProcIsNotCalled_Success" executed="True" result="Success" success="True" time="0.008" asserts="1" />
                          <test-suite type="ParameterizedTest" name="VerifyAddDefaultPathElementFunctionsProperly" executed="True" result="Success" success="True" time="0.002" asserts="0">
                            <results>
                              <test-case name="kCura.EDDS.Installer.NUnit.Agents6to7.VerifyAddDefaultPathElementFunctionsProperly(&quot;C:\\Program Files\\kCura Corporation\\Relativity\\Agents\\&quot;,&quot;agent&quot;)" executed="True" result="Success" success="True" time="0.000" asserts="2" />
                              <test-case name="kCura.EDDS.Installer.NUnit.Agents6to7.VerifyAddDefaultPathElementFunctionsProperly(&quot;C:\\Program Files\\kCura Corporation\\Relativity\\WebProcessing\\&quot;,&quot;webprocessing&quot;)" executed="True" result="Success" success="True" time="0.000" asserts="2" />
                              <test-case name="kCura.EDDS.Installer.NUnit.Agents6to7.VerifyAddDefaultPathElementFunctionsProperly(&quot;C:\\Program Files\\kCura Corporation\\Relativity\\WebProcessing&quot;,&quot;webprocessing&quot;)" executed="True" result="Success" success="True" time="0.000" asserts="2" />
                              <test-case name="kCura.EDDS.Installer.NUnit.Agents6to7.VerifyAddDefaultPathElementFunctionsProperly(&quot;C:\\Program Files\\kCura Corporation\\Relativity\\Agents&quot;,&quot;agent&quot;)" executed="True" result="Success" success="True" time="0.000" asserts="2" />
                            </results>
                          </test-suite>
                          <test-case name="kCura.EDDS.Installer.NUnit.Agents6to7.VerifyRemoveAgentNodesFunctionsProperly" executed="True" result="Success" success="True" time="0.002" asserts="1" />
                          <test-suite type="ParameterizedTest" name="VerifyUpdateDefaultPathElementFunctionsProperly" executed="True" result="Success" success="True" time="0.006" asserts="0">
                            <results>
                              <test-case name="kCura.EDDS.Installer.NUnit.Agents6to7.VerifyUpdateDefaultPathElementFunctionsProperly(&quot;C:\\Program Files\\kCura Corporation\\Relativity\\WebProcessing\\&quot;,&quot;webprocessing&quot;)" executed="True" result="Success" success="True" time="0.001" asserts="2" />
                              <test-case name="kCura.EDDS.Installer.NUnit.Agents6to7.VerifyUpdateDefaultPathElementFunctionsProperly(&quot;C:\\Program Files\\kCura Corporation\\Relativity\\WebProcessing&quot;,&quot;webprocessing&quot;)" executed="True" result="Success" success="True" time="0.000" asserts="2" />
                              <test-case name="kCura.EDDS.Installer.NUnit.Agents6to7.VerifyUpdateDefaultPathElementFunctionsProperly(&quot;C:\\Program Files\\kCura Corporation\\Relativity\\Agents\\&quot;,&quot;agent&quot;)" executed="True" result="Success" success="True" time="0.001" asserts="2" />
                              <test-case name="kCura.EDDS.Installer.NUnit.Agents6to7.VerifyUpdateDefaultPathElementFunctionsProperly(&quot;C:\\Program Files\\kCura Corporation\\Relativity\\Agents&quot;,&quot;agent&quot;)" executed="True" result="Success" success="True" time="0.000" asserts="2" />
                            </results>
                          </test-suite>
                        </results>
                      </test-suite>
                      <test-suite type="TestFixture" name="ConfigUpdateHelperEnsureAttribute" executed="True" result="Success" success="True" time="0.088" asserts="0">
                        <results>
                          <test-case name="kCura.EDDS.Installer.NUnit.ConfigUpdateHelperEnsureAttribute.AttributeDoesExistWithCorrectValue" executed="True" result="Success" success="True" time="0.028" asserts="1" />
                          <test-case name="kCura.EDDS.Installer.NUnit.ConfigUpdateHelperEnsureAttribute.AttributeDoesExistWithWrongValue" executed="True" result="Success" success="True" time="0.001" asserts="1" />
                          <test-case name="kCura.EDDS.Installer.NUnit.ConfigUpdateHelperEnsureAttribute.AttributeDoesExistWithWrongValueExtraAttribute" executed="True" result="Success" success="True" time="0.001" asserts="1" />
                          <test-case name="kCura.EDDS.Installer.NUnit.ConfigUpdateHelperEnsureAttribute.AttributeDoesNotExist" executed="True" result="Success" success="True" time="0.009" asserts="1" />
                        </results>
                      </test-suite>
                      <test-suite type="TestFixture" name="ConfigUpdateHelperEnsureNode" executed="True" result="Success" success="True" time="0.008" asserts="0">
                        <results>
                          <test-case name="kCura.EDDS.Installer.NUnit.ConfigUpdateHelperEnsureNode.InvalidPath_EmptyPath" executed="True" result="Success" success="True" time="0.003" asserts="1" />
                          <test-case name="kCura.EDDS.Installer.NUnit.ConfigUpdateHelperEnsureNode.InvalidPath_Gibberish" executed="True" result="Success" success="True" time="0.000" asserts="1" />
                          <test-case name="kCura.EDDS.Installer.NUnit.ConfigUpdateHelperEnsureNode.NodeDoesNotExist" executed="True" result="Success" success="True" time="0.000" asserts="1" />
                          <test-case name="kCura.EDDS.Installer.NUnit.ConfigUpdateHelperEnsureNode.NodeExists" executed="True" result="Success" success="True" time="0.000" asserts="1" />
                          <test-case name="kCura.EDDS.Installer.NUnit.ConfigUpdateHelperEnsureNode.ParentNodeDoesNotExist" executed="True" result="Success" success="True" time="0.000" asserts="1" />
                          <test-case name="kCura.EDDS.Installer.NUnit.ConfigUpdateHelperEnsureNode.RootPath" executed="True" result="Success" success="True" time="0.000" asserts="1" />
                        </results>
                      </test-suite>
                      <test-suite type="TestFixture" name="ConfigUpdateHelperRemoveNodeIfEmpty" executed="True" result="Success" success="True" time="0.002" asserts="0">
                        <results>
                          <test-case name="kCura.EDDS.Installer.NUnit.ConfigUpdateHelperRemoveNodeIfEmpty.NodeIsEmpty" executed="True" result="Success" success="True" time="0.001" asserts="1" />
                          <test-case name="kCura.EDDS.Installer.NUnit.ConfigUpdateHelperRemoveNodeIfEmpty.NodeIsNotEmpty" executed="True" result="Success" success="True" time="0.000" asserts="1" />
                        </results>
                      </test-suite>
                      <test-suite type="TestFixture" name="ConfigUpdateHelperRemoveNodesByAllAttributes" executed="True" result="Success" success="True" time="0.006" asserts="0">
                        <results>
                          <test-case name="kCura.EDDS.Installer.NUnit.ConfigUpdateHelperRemoveNodesByAllAttributes.AttributeExists" executed="True" result="Success" success="True" time="0.002" asserts="1" />
                          <test-case name="kCura.EDDS.Installer.NUnit.ConfigUpdateHelperRemoveNodesByAllAttributes.AttributeExists_MismatchAllAttributeValues" executed="True" result="Success" success="True" time="0.001" asserts="1" />
                          <test-case name="kCura.EDDS.Installer.NUnit.ConfigUpdateHelperRemoveNodesByAllAttributes.AttributeExists_MismatchFirstAttributeValue" executed="True" result="Success" success="True" time="0.000" asserts="1" />
                          <test-case name="kCura.EDDS.Installer.NUnit.ConfigUpdateHelperRemoveNodesByAllAttributes.AttributeExists_MismatchSecondAttributeValue" executed="True" result="Success" success="True" time="0.000" asserts="1" />
                          <test-case name="kCura.EDDS.Installer.NUnit.ConfigUpdateHelperRemoveNodesByAllAttributes.AttributeExists_TooFewAttributes" executed="True" result="Success" success="True" time="0.001" asserts="1" />
                          <test-case name="kCura.EDDS.Installer.NUnit.ConfigUpdateHelperRemoveNodesByAllAttributes.AttributeExists_TooManyAttributes" executed="True" result="Success" success="True" time="0.000" asserts="1" />
                        </results>
                      </test-suite>
                      <test-suite type="TestFixture" name="ConfigUpdateHelperRemoveNodesByAttribute" executed="True" result="Success" success="True" time="0.009" asserts="0">
                        <results>
                          <test-case name="kCura.EDDS.Installer.NUnit.ConfigUpdateHelperRemoveNodesByAttribute.AttributeExists" executed="True" result="Success" success="True" time="0.001" asserts="1" />
                          <test-case name="kCura.EDDS.Installer.NUnit.ConfigUpdateHelperRemoveNodesByAttribute.AttributeExists_WrongAttributeValue" executed="True" result="Success" success="True" time="0.001" asserts="1" />
                          <test-case name="kCura.EDDS.Installer.NUnit.ConfigUpdateHelperRemoveNodesByAttribute.AttributeExists_WrongAttributeValueLikeComparison" executed="True" result="Success" success="True" time="0.005" asserts="1" />
                          <test-case name="kCura.EDDS.Installer.NUnit.ConfigUpdateHelperRemoveNodesByAttribute.AttributeExistsLikeComparison" executed="True" result="Success" success="True" time="0.000" asserts="1" />
                        </results>
                      </test-suite>
                      <test-suite type="TestFixture" name="ConfigUpdateHelperWeb6to7" executed="True" result="Success" success="True" time="0.042" asserts="0">
                        <results>
                          <test-case name="kCura.EDDS.Installer.NUnit.ConfigUpdateHelperWeb6to7.UpdateWebConfig" executed="True" result="Success" success="True" time="0.020" asserts="1" />
                          <test-case name="kCura.EDDS.Installer.NUnit.ConfigUpdateHelperWeb6to7.UpdateWebConfig_WithBadModules" executed="True" result="Success" success="True" time="0.009" asserts="1" />
                          <test-case name="kCura.EDDS.Installer.NUnit.ConfigUpdateHelperWeb6to7.UpdateWebConfigCustomError" executed="True" result="Success" success="True" time="0.008" asserts="1" />
                          <test-case name="kCura.EDDS.Installer.NUnit.ConfigUpdateHelperWeb6to7.UpdateWebConfigNoChanges" executed="True" result="Success" success="True" time="0.004" asserts="1" />
                        </results>
                      </test-suite>
                      <test-suite type="TestFixture" name="ConfigUpdateHelperWebApi6to7" executed="True" result="Success" success="True" time="0.024" asserts="0">
                        <results>
                          <test-case name="kCura.EDDS.Installer.NUnit.ConfigUpdateHelperWebApi6to7.ConfigUpdateHelperWeb6to7.UpdateWebConfig" executed="True" result="Success" success="True" time="0.005" asserts="1" />
                          <test-case name="kCura.EDDS.Installer.NUnit.ConfigUpdateHelperWebApi6to7.ConfigUpdateHelperWeb6to7.UpdateWebConfig_WithBadModules" executed="True" result="Success" success="True" time="0.009" asserts="1" />
                          <test-case name="kCura.EDDS.Installer.NUnit.ConfigUpdateHelperWebApi6to7.ConfigUpdateHelperWeb6to7.UpdateWebConfigCustomError" executed="True" result="Success" success="True" time="0.008" asserts="1" />
                          <test-case name="kCura.EDDS.Installer.NUnit.ConfigUpdateHelperWebApi6to7.ConfigUpdateHelperWeb6to7.UpdateWebConfigNoChanges" executed="True" result="Success" success="True" time="0.001" asserts="1" />
                        </results>
                      </test-suite>
                      <test-suite type="TestFixture" name="ConfigUpdateHelperWebDistributed6to7" executed="True" result="Success" success="True" time="0.022" asserts="0">
                        <results>
                          <test-case name="kCura.EDDS.Installer.NUnit.ConfigUpdateHelperWebDistributed6to7.ConfigUpdateHelperWeb6to7.UpdateWebConfig" executed="True" result="Success" success="True" time="0.004" asserts="1" />
                          <test-case name="kCura.EDDS.Installer.NUnit.ConfigUpdateHelperWebDistributed6to7.ConfigUpdateHelperWeb6to7.UpdateWebConfig_WithBadModules" executed="True" result="Success" success="True" time="0.008" asserts="1" />
                          <test-case name="kCura.EDDS.Installer.NUnit.ConfigUpdateHelperWebDistributed6to7.ConfigUpdateHelperWeb6to7.UpdateWebConfigCustomError" executed="True" result="Success" success="True" time="0.007" asserts="1" />
                          <test-case name="kCura.EDDS.Installer.NUnit.ConfigUpdateHelperWebDistributed6to7.ConfigUpdateHelperWeb6to7.UpdateWebConfigNoChanges" executed="True" result="Success" success="True" time="0.000" asserts="1" />
                        </results>
                      </test-suite>
                      <test-suite type="TestFixture" name="RelativityServicesConfigurationHandlerTest" executed="True" result="Success" success="True" time="0.013" asserts="0">
                        <results>
                          <test-case name="kCura.EDDS.Installer.NUnit.RelativityServicesConfigurationHandlerTest.UpdateWebConfig" executed="True" result="Success" success="True" time="0.013" asserts="1" />
                          <test-case name="kCura.EDDS.Installer.NUnit.RelativityServicesConfigurationHandlerTest.UpdateWebConfigNoChanges" executed="True" result="Success" success="True" time="0.000" asserts="1" />
                        </results>
                      </test-suite>
                      <test-suite type="Namespace" name="WebConfigUpdater" executed="True" result="Success" success="True" time="0.132" asserts="0">
                        <results>
                          <test-suite type="TestFixture" name="RSAPIWebConfigUpdater" executed="True" result="Success" success="True" time="0.132" asserts="0">
                            <results>
                              <test-case name="kCura.EDDS.Installer.NUnit.WebConfigUpdater.RSAPIWebConfigUpdater.ContainsMixedCommonAndNonCommonServiceValues_NewConfigFileHasAllConfigValues_Success" executed="True" result="Success" success="True" time="0.040" asserts="39" />
                              <test-case name="kCura.EDDS.Installer.NUnit.WebConfigUpdater.RSAPIWebConfigUpdater.CurrentWebConfigFileContainsOnlyExpectedSections_Success" executed="True" result="Success" success="True" time="0.015" asserts="12" />
                              <test-case name="kCura.EDDS.Installer.NUnit.WebConfigUpdater.RSAPIWebConfigUpdater.CurrentWebConfigFileContainsSectionsBeyondExpectedSections_Success" executed="True" result="Success" success="True" time="0.010" asserts="9" />
                              <test-case name="kCura.EDDS.Installer.NUnit.WebConfigUpdater.RSAPIWebConfigUpdater.OriginalWebConfigFileContainsOnlyExpectedSections_Success" executed="True" result="Success" success="True" time="0.012" asserts="9" />
                              <test-case name="kCura.EDDS.Installer.NUnit.WebConfigUpdater.RSAPIWebConfigUpdater.OriginalWebConfigFileContainsSectionsBeyondExpectedSections_Success" executed="True" result="Success" success="True" time="0.012" asserts="9" />
                              <test-case name="kCura.EDDS.Installer.NUnit.WebConfigUpdater.RSAPIWebConfigUpdater.OriginalWebConfigFileDoesNotExist_Fails" executed="True" result="Success" success="True" time="0.001" asserts="2" />
                              <test-case name="kCura.EDDS.Installer.NUnit.WebConfigUpdater.RSAPIWebConfigUpdater.PrePartitioningWebConfigFileContainsOnlyCertificateFindValue_NewConfigFileHasSameCertificateFindValue_Success" executed="True" result="Success" success="True" time="0.010" asserts="13" />
                              <test-case name="kCura.EDDS.Installer.NUnit.WebConfigUpdater.RSAPIWebConfigUpdater.PrePartitioningWebConfigFileContainsOnlyCommonServiceValues_NewConfigFileHasAllCommonServiceValues_Success" executed="True" result="Success" success="True" time="0.009" asserts="15" />
                              <test-case name="kCura.EDDS.Installer.NUnit.WebConfigUpdater.RSAPIWebConfigUpdater.PrePartitioningWebConfigFileContainsOnlyNonCommonServiceValues_NewConfigFileHasAllServicesWithNonCommonServiceValues_Success" executed="True" result="Success" success="True" time="0.010" asserts="29" />
                              <test-case name="kCura.EDDS.Installer.NUnit.WebConfigUpdater.RSAPIWebConfigUpdater.PrePartitioningWebConfigFileContainsSectionsBeyondExpectedSections_Success" executed="True" result="Success" success="True" time="0.008" asserts="9" />
                            </results>
                          </test-suite>
                        </results>
                      </test-suite>
                    </results>
                  </test-suite>
                  <test-suite type="Namespace" name="Validation" executed="True" result="Success" success="True" time="0.621" asserts="0">
                    <results>
                      <test-suite type="TestFixture" name="AdminRhino" executed="True" result="Success" success="True" time="0.346" asserts="0">
                        <results>
                          <test-case name="kCura.EDDS.Installer.Validation.AdminRhino.Admin_AddAndCommitBindingToSite_ExistingSiteHTTPBinding_ExpectingValidCommit" executed="True" result="Success" success="True" time="0.096" asserts="0" />
                          <test-case name="kCura.EDDS.Installer.Validation.AdminRhino.Admin_AddAndCommitBindingToSite_ExistingSiteHTTPSBinding_ExpectingValidCommit" executed="True" result="Success" success="True" time="0.003" asserts="0" />
                          <test-case name="kCura.EDDS.Installer.Validation.AdminRhino.Admin_AddAndCommitBindingToSite_NonExistingSite_ExpectingException" executed="True" result="Success" success="True" time="0.001" asserts="1" />
                          <test-case name="kCura.EDDS.Installer.Validation.AdminRhino.Admin_EditAndCommitBindingToSite_ExistingSiteHTTPBinding_ExpectingValidCommit" executed="True" result="Success" success="True" time="0.026" asserts="0" />
                          <test-case name="kCura.EDDS.Installer.Validation.AdminRhino.Admin_EditAndCommitBindingToSite_ExistingSiteHTTPSBinding_ExpectingValidCommit" executed="True" result="Success" success="True" time="0.004" asserts="0" />
                          <test-case name="kCura.EDDS.Installer.Validation.AdminRhino.Admin_EditAndCommitBindingToSite_NonExistingSite_ExpectingException" executed="True" result="Success" success="True" time="0.001" asserts="1" />
                          <test-case name="kCura.EDDS.Installer.Validation.AdminRhino.Admin_EnableProtocolOnApplicationOnSite_EmptyProtocol_ExpectingException" executed="True" result="Success" success="True" time="0.002" asserts="1" />
                          <test-case name="kCura.EDDS.Installer.Validation.AdminRhino.Admin_EnableProtocolOnApplicationOnSite_NonExistingAppPath_ExpectingException" executed="True" result="Success" success="True" time="0.003" asserts="1" />
                          <test-case name="kCura.EDDS.Installer.Validation.AdminRhino.Admin_EnableProtocolOnApplicationOnSite_NonExistingSite_ExpectingException" executed="True" result="Success" success="True" time="0.001" asserts="1" />
                          <test-case name="kCura.EDDS.Installer.Validation.AdminRhino.Admin_GetHTTPSBindingOnPortForSite_ExistingSiteBadPort_ExpectingNull" executed="True" result="Success" success="True" time="0.004" asserts="1" />
                          <test-case name="kCura.EDDS.Installer.Validation.AdminRhino.Admin_GetHTTPSBindingOnPortForSite_ExistingSiteGoodPort_ExpectingBinding" executed="True" result="Success" success="True" time="0.007" asserts="3" />
                          <test-case name="kCura.EDDS.Installer.Validation.AdminRhino.Admin_GetHTTPSBindingOnPortForSite_NonExistingSite_ExpectingException" executed="True" result="Success" success="True" time="0.001" asserts="1" />
                          <test-case name="kCura.EDDS.Installer.Validation.AdminRhino.Admin_GetHTTPSBindingsForSite_ExistingSite_ExpectingBindingList" executed="True" result="Success" success="True" time="0.003" asserts="3" />
                          <test-case name="kCura.EDDS.Installer.Validation.AdminRhino.Admin_GetHTTPSBindingsForSite_NonExistingSite_ExpectingException" executed="True" result="Success" success="True" time="0.002" asserts="1" />
                          <test-case name="kCura.EDDS.Installer.Validation.AdminRhino.Admin_GetNetPipeBindingsForSie_ExistingSite_ExpectingBinding" executed="True" result="Success" success="True" time="0.003" asserts="3" />
                          <test-case name="kCura.EDDS.Installer.Validation.AdminRhino.Admin_GetNetPipeBindingsForSie_NonExistingSite_ExpectingException" executed="True" result="Success" success="True" time="0.001" asserts="1" />
                          <test-case name="kCura.EDDS.Installer.Validation.AdminRhino.Admin_GetNetTCPBindingsForSie_ExistingSite_ExpectingBinding" executed="True" result="Success" success="True" time="0.003" asserts="3" />
                          <test-case name="kCura.EDDS.Installer.Validation.AdminRhino.Admin_GetNetTCPBindingsForSie_NonExistingSite_ExpectingException" executed="True" result="Success" success="True" time="0.001" asserts="1" />
                          <test-case name="kCura.EDDS.Installer.Validation.AdminRhino.Admin_GetSSLSettingsOnSite_BadSSLFlagAttributesOnApplication_ExpectingException" executed="True" result="Success" success="True" time="0.162" asserts="1" />
                          <test-case name="kCura.EDDS.Installer.Validation.AdminRhino.Admin_GetSSLSettingsOnSite_GoodSSLFlagAttributesOnApplication_ExpectingValidFlag" executed="True" result="Success" success="True" time="0.009" asserts="1" />
                          <test-case name="kCura.EDDS.Installer.Validation.AdminRhino.Admin_SetSSLSettingsOnSite_ExistingSSLFlag_ExpectingValidCommit" executed="True" result="Success" success="True" time="0.003" asserts="0" />
                          <test-case name="kCura.EDDS.Installer.Validation.AdminRhino.Admin_SetSSLSettingsOnSite_NonExistingSSLFlag_ExpectingException" executed="True" result="Success" success="True" time="0.001" asserts="1" />
                        </results>
                      </test-suite>
                      <test-suite type="TestFixture" name="AdminUtilityRhino" executed="True" result="Success" success="True" time="0.116" asserts="0">
                        <results>
                          <test-case name="kCura.EDDS.Installer.Validation.AdminUtilityRhino.AdminUtility_GetBindingOfProtocolForSiteForPort_AllNullInputs_ExpectingException" executed="True" result="Success" success="True" time="0.003" asserts="1" />
                          <test-case name="kCura.EDDS.Installer.Validation.AdminUtilityRhino.AdminUtility_GetBindingOfProtocolForSiteForPort_NonNullInputsAllValid_ExpectingValidBinding" executed="True" result="Success" success="True" time="0.001" asserts="1" />
                          <test-case name="kCura.EDDS.Installer.Validation.AdminUtilityRhino.AdminUtility_GetBindingOfProtocolForSiteForPort_NonNullInputsBadPort_ExpectingNull" executed="True" result="Success" success="True" time="0.001" asserts="1" />
                          <test-case name="kCura.EDDS.Installer.Validation.AdminUtilityRhino.AdminUtility_GetBindingOfProtocolForSiteForPort_NonNullInputsBadProtocol_ExpectingNull" executed="True" result="Success" success="True" time="0.001" asserts="1" />
                          <test-case name="kCura.EDDS.Installer.Validation.AdminUtilityRhino.AdminUtility_GetBindingOfProtocolForSiteForPort_OnlyNullInputBindProtocol_ExpectingException" executed="True" result="Success" success="True" time="0.001" asserts="1" />
                          <test-case name="kCura.EDDS.Installer.Validation.AdminUtilityRhino.AdminUtility_GetBindingOfProtocolForSiteForPort_OnlyNullInputDesiredPort_ExpectingException" executed="True" result="Success" success="True" time="0.000" asserts="1" />
                          <test-case name="kCura.EDDS.Installer.Validation.AdminUtilityRhino.AdminUtility_GetBindingOfProtocolForSiteForPort_OnlyNullInputSiteObject_ExpectingException" executed="True" result="Success" success="True" time="0.000" asserts="1" />
                          <test-case name="kCura.EDDS.Installer.Validation.AdminUtilityRhino.AdminUtility_GetBindingsOfProtocolForSiteForPorts_AllNullInputs_ExpectingException" executed="True" result="Success" success="True" time="0.001" asserts="1" />
                          <test-case name="kCura.EDDS.Installer.Validation.AdminUtilityRhino.AdminUtility_GetBindingsOfProtocolForSiteForPorts_NonEmptyDesiredListInputEmptyBindingCollection_ExpectingValidEmptyList" executed="True" result="Success" success="True" time="0.001" asserts="2" />
                          <test-case name="kCura.EDDS.Installer.Validation.AdminUtilityRhino.AdminUtility_GetBindingsOfProtocolForSiteForPorts_NonEmptyDesiredListInputNonEmptyBindingCollectionWithDesiredBinding_ExpectingValidList" executed="True" result="Success" success="True" time="0.002" asserts="3" />
                          <test-case name="kCura.EDDS.Installer.Validation.AdminUtilityRhino.AdminUtility_GetBindingsOfProtocolForSiteForPorts_NonEmptyDesiredListInputNonEmptyBindingCollectionWithoutDesiredBinding_ExpectingValidEmptyList" executed="True" result="Success" success="True" time="0.005" asserts="2" />
                          <test-case name="kCura.EDDS.Installer.Validation.AdminUtilityRhino.AdminUtility_GetBindingsOfProtocolForSiteForPorts_NonNullEmptyDesiredListInput_ExpectingValidList" executed="True" result="Success" success="True" time="0.003" asserts="2" />
                          <test-case name="kCura.EDDS.Installer.Validation.AdminUtilityRhino.AdminUtility_GetBindingsOfProtocolForSiteForPorts_NonNullEmptyDesiredListInputEmptyBindingCollection_ExpectingNull" executed="True" result="Success" success="True" time="0.001" asserts="2" />
                          <test-case name="kCura.EDDS.Installer.Validation.AdminUtilityRhino.AdminUtility_GetBindingsOfProtocolForSiteForPorts_OnlyNullInputBindProtocol_ExpectingException" executed="True" result="Success" success="True" time="0.001" asserts="1" />
                          <test-case name="kCura.EDDS.Installer.Validation.AdminUtilityRhino.AdminUtility_GetBindingsOfProtocolForSiteForPorts_OnlyNullInputDesiredPortList_ExpectingValidList" executed="True" result="Success" success="True" time="0.003" asserts="4" />
                          <test-case name="kCura.EDDS.Installer.Validation.AdminUtilityRhino.AdminUtility_GetBindingsOfProtocolForSiteForPorts_OnlyNullInputSiteObject_ExpectingException" executed="True" result="Success" success="True" time="0.001" asserts="1" />
                          <test-case name="kCura.EDDS.Installer.Validation.AdminUtilityRhino.AdminUtility_GetConfigAttributeFromAppOnSite_NonEmptyCollectionInputWithDesiredAttribute_ExpectingValidConfigurationAttribute" executed="True" result="Success" success="True" time="0.001" asserts="2" />
                          <test-case name="kCura.EDDS.Installer.Validation.AdminUtilityRhino.AdminUtility_GetConfigAttributeFromAppOnSite_NonEmptyCollectionInputWithoutDesiredAttribute_ExpectingNull" executed="True" result="Success" success="True" time="0.000" asserts="1" />
                          <test-case name="kCura.EDDS.Installer.Validation.AdminUtilityRhino.AdminUtility_GetConfigAttributeFromAppOnSite_NonNullEmptyCollectionInput_ExpectingNull" executed="True" result="Success" success="True" time="0.000" asserts="1" />
                          <test-case name="kCura.EDDS.Installer.Validation.AdminUtilityRhino.AdminUtility_GetConfigAttributeFromAppOnSite_OnlyNullInputAttrName_ExpectingNull" executed="True" result="Success" success="True" time="0.000" asserts="1" />
                          <test-case name="kCura.EDDS.Installer.Validation.AdminUtilityRhino.AdminUtility_GetConfigAttributeFromAppOnSite_OnlyNullInputConfigurationAttributeCollection_ExpectingException" executed="True" result="Success" success="True" time="0.001" asserts="1" />
                          <test-case name="kCura.EDDS.Installer.Validation.AdminUtilityRhino.AdminUtility_GetFlagsForAttributeInApp_AllNullInputs_ExpectingException" executed="True" result="Success" success="True" time="0.000" asserts="1" />
                          <test-case name="kCura.EDDS.Installer.Validation.AdminUtilityRhino.AdminUtility_GetFlagsForAttributeInApp_NonNullInputs_ExpectingValidList" executed="True" result="Success" success="True" time="0.003" asserts="3" />
                          <test-case name="kCura.EDDS.Installer.Validation.AdminUtilityRhino.AdminUtility_GetFlagsForAttributeInApp_OnlyNullInputConfigurationAttribute_ExpectingException" executed="True" result="Success" success="True" time="0.000" asserts="1" />
                          <test-case name="kCura.EDDS.Installer.Validation.AdminUtilityRhino.AdminUtility_GetFlagsForAttributeInApp_OnlyNullInputConfigurationAttributeSchema_ExpectingException" executed="True" result="Success" success="True" time="0.000" asserts="1" />
                          <test-case name="kCura.EDDS.Installer.Validation.AdminUtilityRhino.AdminUtility_GetSchemaDictFromConfigAttribute_AllNullInputs_ExpectingException" executed="True" result="Success" success="True" time="0.000" asserts="1" />
                          <test-case name="kCura.EDDS.Installer.Validation.AdminUtilityRhino.AdminUtility_GetSchemaDictFromConfigAttribute_NonEmptyCollectionInput_ExpectingValidDictionary" executed="True" result="Success" success="True" time="0.003" asserts="5" />
                          <test-case name="kCura.EDDS.Installer.Validation.AdminUtilityRhino.AdminUtility_GetSchemaDictFromConfigAttribute_NonNullEmptyCollectionInput_ExpectingEmptyCollection" executed="True" result="Success" success="True" time="0.000" asserts="1" />
                          <test-case name="kCura.EDDS.Installer.Validation.AdminUtilityRhino.AdminUtility_GetSiteFromName_AllNullInputs_ExpectingException" executed="True" result="Success" success="True" time="0.000" asserts="1" />
                          <test-case name="kCura.EDDS.Installer.Validation.AdminUtilityRhino.AdminUtility_GetSiteFromName_NonEmptySiteCollectionInput_ExpectingValidSite" executed="True" result="Success" success="True" time="0.001" asserts="2" />
                          <test-case name="kCura.EDDS.Installer.Validation.AdminUtilityRhino.AdminUtility_GetSiteFromName_NonEmptySiteCollectionInputBadSite_ExpectingNull" executed="True" result="Success" success="True" time="0.001" asserts="1" />
                          <test-case name="kCura.EDDS.Installer.Validation.AdminUtilityRhino.AdminUtility_GetSiteFromName_NonNullEmptySiteCollectionInput_ExpectingNull" executed="True" result="Success" success="True" time="0.001" asserts="1" />
                          <test-case name="kCura.EDDS.Installer.Validation.AdminUtilityRhino.AdminUtility_GetSiteFromName_OnlyNullInputSiteCollection_ExpectingException" executed="True" result="Success" success="True" time="0.001" asserts="1" />
                          <test-case name="kCura.EDDS.Installer.Validation.AdminUtilityRhino.AdminUtility_GetSiteFromName_OnlyNullInputSiteName_ExpectingException" executed="True" result="Success" success="True" time="0.000" asserts="1" />
                          <test-case name="kCura.EDDS.Installer.Validation.AdminUtilityRhino.AdminUtility_GetSiteNames_EmptySiteCollection_ExpectingValidList" executed="True" result="Success" success="True" time="0.001" asserts="1" />
                          <test-case name="kCura.EDDS.Installer.Validation.AdminUtilityRhino.AdminUtility_GetSiteNames_NonEmptySiteCollection_ExpectingValidList" executed="True" result="Success" success="True" time="0.002" asserts="4" />
                          <test-case name="kCura.EDDS.Installer.Validation.AdminUtilityRhino.AdminUtility_GetStringsFromSchemaFromAttrValue_AllNullInputs_ExpectingException" executed="True" result="Success" success="True" time="0.000" asserts="1" />
                          <test-case name="kCura.EDDS.Installer.Validation.AdminUtilityRhino.AdminUtility_GetStringsFromSchemaFromAttrValue_NonEmptySchemaDictInputWithInvalidAttrValue_ExpectingException" executed="True" result="Success" success="True" time="0.001" asserts="1" />
                          <test-case name="kCura.EDDS.Installer.Validation.AdminUtilityRhino.AdminUtility_GetStringsFromSchemaFromAttrValue_NonEmptySchemaDictInputWithValidAttrValue_ExpectingValidList" executed="True" result="Success" success="True" time="0.001" asserts="4" />
                          <test-case name="kCura.EDDS.Installer.Validation.AdminUtilityRhino.AdminUtility_GetStringsFromSchemaFromAttrValue_NonEmptySchemaDictInputWithValidButWrongAttrValue_ExpectingException" executed="True" result="Success" success="True" time="0.000" asserts="1" />
                          <test-case name="kCura.EDDS.Installer.Validation.AdminUtilityRhino.AdminUtility_GetStringsFromSchemaFromAttrValue_NonNullEmptySchemaDictInputWithInvalidAttrValue_ExpectingException" executed="True" result="Success" success="True" time="0.000" asserts="1" />
                          <test-case name="kCura.EDDS.Installer.Validation.AdminUtilityRhino.AdminUtility_GetStringsFromSchemaFromAttrValue_NonNullEmptySchemaDictInputWithValidAttrValue_ExpectingException" executed="True" result="Success" success="True" time="0.001" asserts="1" />
                          <test-case name="kCura.EDDS.Installer.Validation.AdminUtilityRhino.AdminUtility_GetStringsFromSchemaFromAttrValue_OnlyNullInputSchemaDictWithValidAttrValue_ExpectingException" executed="True" result="Success" success="True" time="0.000" asserts="1" />
                          <test-case name="kCura.EDDS.Installer.Validation.AdminUtilityRhino.AdminUtility_SetAttributeForAppOnSite_NonNullInputsAllValid_ExpectingValueSet" executed="True" result="Success" success="True" time="0.001" asserts="0" />
                          <test-case name="kCura.EDDS.Installer.Validation.AdminUtilityRhino.AdminUtility_SetAttributeForAppOnSite_OnlyNullInputAttrName_ExpectingException" executed="True" result="Success" success="True" time="0.001" asserts="1" />
                          <test-case name="kCura.EDDS.Installer.Validation.AdminUtilityRhino.AdminUtility_SetAttributeForAppOnSite_OnlyNullInputAttrValue_ExpectingException" executed="True" result="Success" success="True" time="0.000" asserts="1" />
                          <test-case name="kCura.EDDS.Installer.Validation.AdminUtilityRhino.AdminUtility_SetAttributeForAppOnSite_OnlyNullInputConfigurationSection_ExpectingException" executed="True" result="Success" success="True" time="0.000" asserts="1" />
                          <test-case name="kCura.EDDS.Installer.Validation.AdminUtilityRhino.AdminUtility_UpdateBindingOnSiteFromBindingInfo_AllNullInputs_ExpectingException" executed="True" result="Success" success="True" time="0.001" asserts="1" />
                          <test-case name="kCura.EDDS.Installer.Validation.AdminUtilityRhino.AdminUtility_UpdateBindingOnSiteFromBindingInfo_NonNullInputsCreateNewHTTPBinding_ExpectingTrue" executed="True" result="Success" success="True" time="0.010" asserts="1" />
                          <test-case name="kCura.EDDS.Installer.Validation.AdminUtilityRhino.AdminUtility_UpdateBindingOnSiteFromBindingInfo_NonNullInputsCreateNewHTTPSBinding_ExpectingTrue" executed="True" result="Success" success="True" time="0.005" asserts="1" />
                          <test-case name="kCura.EDDS.Installer.Validation.AdminUtilityRhino.AdminUtility_UpdateBindingOnSiteFromBindingInfo_NonNullInputsUpdateExistingHTTPBinding_ExpectingTrue" executed="True" result="Success" success="True" time="0.006" asserts="1" />
                          <test-case name="kCura.EDDS.Installer.Validation.AdminUtilityRhino.AdminUtility_UpdateBindingOnSiteFromBindingInfo_NonNullInputsUpdateExistingHTTPSBinding_ExpectingTrue" executed="True" result="Success" success="True" time="0.005" asserts="1" />
                          <test-case name="kCura.EDDS.Installer.Validation.AdminUtilityRhino.AdminUtility_UpdateBindingOnSiteFromBindingInfo_NonNullInputsUpdateNonExistingHTTPBinding_ExpectingTrue" executed="True" result="Success" success="True" time="0.005" asserts="1" />
                          <test-case name="kCura.EDDS.Installer.Validation.AdminUtilityRhino.AdminUtility_UpdateBindingOnSiteFromBindingInfo_NonNullInputsUpdateNonExistingHTTPSBinding_ExpectingTrue" executed="True" result="Success" success="True" time="0.007" asserts="1" />
                          <test-case name="kCura.EDDS.Installer.Validation.AdminUtilityRhino.AdminUtility_UpdateBindingOnSiteFromBindingInfo_OnlyNullInputBindProtocol_ExpectingException" executed="True" result="Success" success="True" time="0.001" asserts="1" />
                          <test-case name="kCura.EDDS.Installer.Validation.AdminUtilityRhino.AdminUtility_UpdateBindingOnSiteFromBindingInfo_OnlyNullInputNewBindInfo_ExpectingException" executed="True" result="Success" success="True" time="0.001" asserts="1" />
                          <test-case name="kCura.EDDS.Installer.Validation.AdminUtilityRhino.AdminUtility_UpdateBindingOnSiteFromBindingInfo_OnlyNullInputOldBindInfo_ExpectingTrue" executed="True" result="Success" success="True" time="0.006" asserts="1" />
                          <test-case name="kCura.EDDS.Installer.Validation.AdminUtilityRhino.AdminUtility_UpdateBindingOnSiteFromBindingInfo_OnlyNullInputSite_ExpectingException" executed="True" result="Success" success="True" time="0.000" asserts="1" />
                        </results>
                      </test-suite>
                      <test-suite type="TestFixture" name="X509StoreUtilityRhino" executed="True" result="Success" success="True" time="0.154" asserts="0">
                        <results>
                          <test-case name="kCura.EDDS.Installer.Validation.X509StoreUtilityRhino.X509StoreUtility_GetAllCertificatesExceptFromStoreList_NonEmptySiteListInput_ExpectingCertificateCollection" executed="True" result="Success" success="True" time="0.133" asserts="3" />
                          <test-case name="kCura.EDDS.Installer.Validation.X509StoreUtilityRhino.X509StoreUtility_GetAllCertificatesExceptFromStoreList_NullSiteListInput_ExpectingCertificateCollection" executed="True" result="Success" success="True" time="0.003" asserts="4" />
                          <test-case name="kCura.EDDS.Installer.Validation.X509StoreUtilityRhino.X509StoreUtility_GetStoreByName_ExistingStore_ExpectingStore" executed="True" result="Success" success="True" time="0.005" asserts="1" />
                          <test-case name="kCura.EDDS.Installer.Validation.X509StoreUtilityRhino.X509StoreUtility_GetStoreByName_NonExistingStore_ExpectingNull" executed="True" result="Success" success="True" time="0.001" asserts="1" />
                          <test-case name="kCura.EDDS.Installer.Validation.X509StoreUtilityRhino.X509StoreUtility_InitStoreKey_ExistingStore_ExpectingNull" executed="True" result="Success" success="True" time="0.001" asserts="1" />
                          <test-case name="kCura.EDDS.Installer.Validation.X509StoreUtilityRhino.X509StoreUtility_InitStoreKey_NonExistingStore_ExpectingStoreName" executed="True" result="Success" success="True" time="0.002" asserts="1" />
                          <test-case name="kCura.EDDS.Installer.Validation.X509StoreUtilityRhino.X509StoreUtility_InitSystemStores_NonEmptyStoreList_ExpectingOpenSystemStoreList" executed="True" result="Success" success="True" time="0.005" asserts="8" />
                        </results>
                      </test-suite>
                    </results>
                  </test-suite>
                </results>
              </test-suite>
            </results>
          </test-suite>
        </results>
      </test-suite>
    </results>
  </test-suite>
</test-results>